Arguments: 
  /usr/local/bin/node /Users/jace.gold/.yarn/bin/yarn.js start

PATH: 
  /Users/jace.gold/.yarn/bin:/Users/jace.gold/.config/yarn/global/node_modules/.bin:/Users/jace.gold/Desktop/arc/arcanist/bin:/Users/jace.gold/.rbenv/shims:/usr/local/bin:/usr/bin:/bin:/usr/sbin:/sbin:/Applications/VMware Fusion.app/Contents/Public:/usr/local/share/dotnet:/Library/Frameworks/Mono.framework/Versions/Current/Commands:/Users/jace.gold/.gem/ruby/2.3.0/bin:/Users/jace.gold/.rbenv/versions/2.3.1/lib/ruby/gems/2.3.0/bin

Yarn version: 
  1.5.1

Node version: 
  9.2.0

Platform: 
  darwin x64

npm manifest: 
  {
    "name": "create-repack-app",
    "version": "1.0.0",
    "scripts": {
      "build": "cd client && npm install --only=dev && npm install && npm run build && cd ..",
      "deploy": "cp -a client/build/. public/",
      "heroku-postbuild": "npm run build && npm run deploy && echo 'Client Built'"
    },
    "keywords": [],
    "author": "",
    "license": "ISC",
    "dependencies": {
      "react-slick": "^0.16.0",
      "slick-carousel": "^1.8.1"
    }
  }

yarn manifest: 
  No manifest

Lockfile: 
  # THIS IS AN AUTOGENERATED FILE. DO NOT EDIT THIS FILE DIRECTLY.
  # yarn lockfile v1
  
  
  asap@~2.0.3:
    version "2.0.6"
    resolved "https://registry.yarnpkg.com/asap/-/asap-2.0.6.tgz#e50347611d7e690943208bbdafebcbc2fb866d46"
  
  can-use-dom@^0.1.0:
    version "0.1.0"
    resolved "https://registry.yarnpkg.com/can-use-dom/-/can-use-dom-0.1.0.tgz#22cc4a34a0abc43950f42c6411024a3f6366b45a"
  
  classnames@^2.2.5:
    version "2.2.5"
    resolved "https://registry.yarnpkg.com/classnames/-/classnames-2.2.5.tgz#fb3801d453467649ef3603c7d61a02bd129bde6d"
  
  core-js@^1.0.0:
    version "1.2.7"
    resolved "https://registry.yarnpkg.com/core-js/-/core-js-1.2.7.tgz#652294c14651db28fa93bd2d5ff2983a4f08c636"
  
  create-react-class@^15.5.2:
    version "15.6.2"
    resolved "https://registry.yarnpkg.com/create-react-class/-/create-react-class-15.6.2.tgz#cf1ed15f12aad7f14ef5f2dfe05e6c42f91ef02a"
    dependencies:
      fbjs "^0.8.9"
      loose-envify "^1.3.1"
      object-assign "^4.1.1"
  
  encoding@^0.1.11:
    version "0.1.12"
    resolved "https://registry.yarnpkg.com/encoding/-/encoding-0.1.12.tgz#538b66f3ee62cd1ab51ec323829d1f9480c74beb"
    dependencies:
      iconv-lite "~0.4.13"
  
  enquire.js@^2.1.6:
    version "2.1.6"
    resolved "https://registry.yarnpkg.com/enquire.js/-/enquire.js-2.1.6.tgz#3e8780c9b8b835084c3f60e166dbc3c2a3c89814"
  
  fbjs@^0.8.9:
    version "0.8.16"
    resolved "https://registry.yarnpkg.com/fbjs/-/fbjs-0.8.16.tgz#5e67432f550dc41b572bf55847b8aca64e5337db"
    dependencies:
      core-js "^1.0.0"
      isomorphic-fetch "^2.1.1"
      loose-envify "^1.0.0"
      object-assign "^4.1.0"
      promise "^7.1.1"
      setimmediate "^1.0.5"
      ua-parser-js "^0.7.9"
  
  iconv-lite@~0.4.13:
    version "0.4.19"
    resolved "https://registry.yarnpkg.com/iconv-lite/-/iconv-lite-0.4.19.tgz#f7468f60135f5e5dad3399c0a81be9a1603a082b"
  
  is-stream@^1.0.1:
    version "1.1.0"
    resolved "https://registry.yarnpkg.com/is-stream/-/is-stream-1.1.0.tgz#12d4a3dd4e68e0b79ceb8dbc84173ae80d91ca44"
  
  isomorphic-fetch@^2.1.1:
    version "2.2.1"
    resolved "https://registry.yarnpkg.com/isomorphic-fetch/-/isomorphic-fetch-2.2.1.tgz#611ae1acf14f5e81f729507472819fe9733558a9"
    dependencies:
      node-fetch "^1.0.1"
      whatwg-fetch ">=0.10.0"
  
  js-tokens@^3.0.0:
    version "3.0.2"
    resolved "https://registry.yarnpkg.com/js-tokens/-/js-tokens-3.0.2.tgz#9866df395102130e38f7f996bceb65443209c25b"
  
  json2mq@^0.2.0:
    version "0.2.0"
    resolved "https://registry.yarnpkg.com/json2mq/-/json2mq-0.2.0.tgz#b637bd3ba9eabe122c83e9720483aeb10d2c904a"
    dependencies:
      string-convert "^0.2.0"
  
  loose-envify@^1.0.0, loose-envify@^1.3.1:
    version "1.3.1"
    resolved "https://registry.yarnpkg.com/loose-envify/-/loose-envify-1.3.1.tgz#d1a8ad33fa9ce0e713d65fdd0ac8b748d478c848"
    dependencies:
      js-tokens "^3.0.0"
  
  node-fetch@^1.0.1:
    version "1.7.3"
    resolved "https://registry.yarnpkg.com/node-fetch/-/node-fetch-1.7.3.tgz#980f6f72d85211a5347c6b2bc18c5b84c3eb47ef"
    dependencies:
      encoding "^0.1.11"
      is-stream "^1.0.1"
  
  object-assign@^4.1.0, object-assign@^4.1.1:
    version "4.1.1"
    resolved "https://registry.yarnpkg.com/object-assign/-/object-assign-4.1.1.tgz#2109adc7965887cfc05cbbd442cac8bfbb360863"
  
  promise@^7.1.1:
    version "7.3.1"
    resolved "https://registry.yarnpkg.com/promise/-/promise-7.3.1.tgz#064b72602b18f90f29192b8b1bc418ffd1ebd3bf"
    dependencies:
      asap "~2.0.3"
  
  react-slick@^0.16.0:
    version "0.16.0"
    resolved "https://registry.yarnpkg.com/react-slick/-/react-slick-0.16.0.tgz#27385fb88503d208be081d37267ddec961209a7b"
    dependencies:
      can-use-dom "^0.1.0"
      classnames "^2.2.5"
      create-react-class "^15.5.2"
      enquire.js "^2.1.6"
      json2mq "^0.2.0"
      object-assign "^4.1.0"
      slick-carousel "^1.6.0"
  
  setimmediate@^1.0.5:
    version "1.0.5"
    resolved "https://registry.yarnpkg.com/setimmediate/-/setimmediate-1.0.5.tgz#290cbb232e306942d7d7ea9b83732ab7856f8285"
  
  slick-carousel@^1.6.0, slick-carousel@^1.8.1:
    version "1.8.1"
    resolved "https://registry.yarnpkg.com/slick-carousel/-/slick-carousel-1.8.1.tgz#a4bfb29014887bb66ce528b90bd0cda262cc8f8d"
  
  string-convert@^0.2.0:
    version "0.2.1"
    resolved "https://registry.yarnpkg.com/string-convert/-/string-convert-0.2.1.tgz#6982cc3049fbb4cd85f8b24568b9d9bf39eeff97"
  
  ua-parser-js@^0.7.9:
    version "0.7.17"
    resolved "https://registry.yarnpkg.com/ua-parser-js/-/ua-parser-js-0.7.17.tgz#e9ec5f9498b9ec910e7ae3ac626a805c4d09ecac"
  
  whatwg-fetch@>=0.10.0:
    version "2.0.3"
    resolved "https://registry.yarnpkg.com/whatwg-fetch/-/whatwg-fetch-2.0.3.tgz#9c84ec2dcf68187ff00bc64e1274b442176e1c84"

Trace: 
  Error: Command "start" not found.
      at new MessageError (/Users/jace.gold/.yarn/lib/cli.js:186:110)
      at /Users/jace.gold/.yarn/lib/cli.js:87307:17
      at Generator.next (<anonymous>)
      at step (/Users/jace.gold/.yarn/lib/cli.js:98:30)
      at /Users/jace.gold/.yarn/lib/cli.js:116:14
      at new Promise (<anonymous>)
      at new F (/Users/jace.gold/.yarn/lib/cli.js:23451:28)
      at /Users/jace.gold/.yarn/lib/cli.js:95:12
      at runCommand (/Users/jace.gold/.yarn/lib/cli.js:87312:22)
      at Object.<anonymous> (/Users/jace.gold/.yarn/lib/cli.js:87412:14)
